2023-05-12 09:40:21 [INFO] 초기화 필터 생성
2023-05-12 09:40:26 [INFO] 후처리 수행
2023-05-12 09:40:26 [INFO] View단 처리 완료 후 수행
2023-05-12 09:40:27 [INFO] -------------Service Start-----------------
2023-05-12 09:40:27 [INFO] 후처리 수행
2023-05-12 09:40:27 [INFO] View단 처리 완료 후 수행
2023-05-12 09:40:38 [INFO] -------------Service Start-----------------
2023-05-12 09:40:38 [INFO] 후처리 수행
2023-05-12 09:40:38 [INFO] View단 처리 완료 후 수행
2023-05-12 09:40:48 [INFO] -------------Service Start-----------------
2023-05-12 09:40:48 [INFO] 후처리 수행
2023-05-12 09:40:48 [INFO] View단 처리 완료 후 수행
2023-05-12 09:40:58 [INFO] -------------Service Start-----------------
2023-05-12 09:40:58 [INFO] 후처리 수행
2023-05-12 09:40:58 [INFO] View단 처리 완료 후 수행
2023-05-12 09:41:08 [INFO] -------------Service Start-----------------
2023-05-12 09:41:08 [INFO] 후처리 수행
2023-05-12 09:41:08 [INFO] View단 처리 완료 후 수행
2023-05-12 09:41:18 [INFO] -------------Service Start-----------------
2023-05-12 09:41:18 [INFO] 후처리 수행
2023-05-12 09:41:18 [INFO] View단 처리 완료 후 수행
2023-05-12 09:41:28 [INFO] -------------Service Start-----------------
2023-05-12 09:41:28 [INFO] 후처리 수행
2023-05-12 09:41:28 [INFO] View단 처리 완료 후 수행
2023-05-12 09:41:38 [INFO] -------------Service Start-----------------
2023-05-12 09:41:38 [INFO] 후처리 수행
2023-05-12 09:41:38 [INFO] View단 처리 완료 후 수행
2023-05-12 09:41:48 [INFO] -------------Service Start-----------------
2023-05-12 09:41:48 [INFO] 후처리 수행
2023-05-12 09:41:48 [INFO] View단 처리 완료 후 수행
2023-05-12 09:41:58 [INFO] -------------Service Start-----------------
2023-05-12 09:41:58 [INFO] 후처리 수행
2023-05-12 09:41:58 [INFO] View단 처리 완료 후 수행
2023-05-12 09:42:04 [INFO] 초기화 필터 파괴
2023-05-12 09:42:07 [INFO] 초기화 필터 생성
2023-05-12 09:42:11 [INFO] -------------Service Start-----------------
2023-05-12 09:42:11 [INFO] 후처리 수행
2023-05-12 09:42:11 [INFO] View단 처리 완료 후 수행
2023-05-12 09:42:18 [INFO] -------------Service Start-----------------
2023-05-12 09:42:18 [INFO] 후처리 수행
2023-05-12 09:42:18 [INFO] View단 처리 완료 후 수행
2023-05-12 09:42:20 [INFO] 초기화 필터 파괴
2023-05-12 09:42:23 [INFO] 초기화 필터 생성
2023-05-12 09:42:29 [INFO] -------------Service Start-----------------
2023-05-12 09:42:29 [INFO] -------------Service End-----------------
2023-05-12 09:42:29 [INFO] 후처리 수행
2023-05-12 09:42:29 [INFO] View단 처리 완료 후 수행
2023-05-12 09:42:38 [INFO] -------------Service Start-----------------
2023-05-12 09:42:38 [INFO] -------------Service End-----------------
2023-05-12 09:42:38 [INFO] 후처리 수행
2023-05-12 09:42:38 [INFO] View단 처리 완료 후 수행
2023-05-12 09:42:48 [INFO] -------------Service Start-----------------
2023-05-12 09:42:48 [INFO] -------------Service End-----------------
2023-05-12 09:42:48 [INFO] 후처리 수행
2023-05-12 09:42:48 [INFO] View단 처리 완료 후 수행
2023-05-12 09:42:48 [INFO] 초기화 필터 파괴
2023-05-12 09:42:52 [INFO] 초기화 필터 생성
2023-05-12 09:42:59 [INFO] -------------Service Start-----------------
2023-05-12 09:42:59 [INFO] -------------Service End-----------------
2023-05-12 09:42:59 [INFO] 후처리 수행
2023-05-12 09:42:59 [INFO] View단 처리 완료 후 수행
2023-05-12 09:43:04 [INFO] 초기화 필터 파괴
2023-05-12 09:43:07 [INFO] 초기화 필터 생성
2023-05-12 09:43:32 [INFO] 초기화 필터 파괴
2023-05-12 09:43:35 [INFO] 초기화 필터 생성
2023-05-12 09:43:46 [INFO] 초기화 필터 파괴
2023-05-12 09:43:49 [INFO] 초기화 필터 생성
2023-05-12 09:44:13 [INFO] 초기화 필터 파괴
2023-05-12 09:44:16 [INFO] 초기화 필터 생성
2023-05-12 09:44:19 [INFO] -------------Service Start-----------------
2023-05-12 09:44:19 [INFO] -------------Service End-----------------
2023-05-12 09:44:19 [INFO] 후처리 수행
2023-05-12 09:44:19 [INFO] View단 처리 완료 후 수행
2023-05-12 09:44:28 [INFO] -------------Service Start-----------------
2023-05-12 09:44:28 [INFO] -------------Service End-----------------
2023-05-12 09:44:28 [INFO] 후처리 수행
2023-05-12 09:44:28 [INFO] View단 처리 완료 후 수행
2023-05-12 09:44:38 [INFO] -------------Service Start-----------------
2023-05-12 09:44:38 [INFO] -------------Service End-----------------
2023-05-12 09:44:38 [INFO] 후처리 수행
2023-05-12 09:44:38 [INFO] View단 처리 완료 후 수행
2023-05-12 09:44:48 [INFO] -------------Service Start-----------------
2023-05-12 09:44:48 [INFO] -------------Service End-----------------
2023-05-12 09:44:48 [INFO] 후처리 수행
2023-05-12 09:44:48 [INFO] View단 처리 완료 후 수행
2023-05-12 09:44:54 [INFO] 초기화 필터 파괴
2023-05-12 09:44:57 [INFO] 초기화 필터 생성
2023-05-12 09:45:01 [INFO] -------------Service Start-----------------
2023-05-12 09:45:01 [INFO] -------------Service End-----------------
2023-05-12 09:45:01 [INFO] 후처리 수행
2023-05-12 09:45:01 [INFO] View단 처리 완료 후 수행
2023-05-12 09:45:08 [INFO] -------------Service Start-----------------
2023-05-12 09:45:08 [INFO] -------------Service End-----------------
2023-05-12 09:45:08 [INFO] 후처리 수행
2023-05-12 09:45:08 [INFO] View단 처리 완료 후 수행
2023-05-12 09:45:09 [INFO] 초기화 필터 파괴
2023-05-12 09:45:13 [INFO] 초기화 필터 생성
2023-05-12 09:45:19 [INFO] -------------Service Start-----------------
2023-05-12 09:45:19 [INFO] -------------Service End-----------------
2023-05-12 09:45:19 [INFO] 후처리 수행
2023-05-12 09:45:19 [INFO] View단 처리 완료 후 수행
2023-05-12 09:45:25 [INFO] 초기화 필터 파괴
2023-05-12 09:45:29 [INFO] 초기화 필터 생성
2023-05-12 09:45:32 [INFO] -------------Service Start-----------------
2023-05-12 09:45:32 [INFO] -------------Service End-----------------
2023-05-12 09:45:32 [INFO] 후처리 수행
2023-05-12 09:45:32 [INFO] View단 처리 완료 후 수행
2023-05-12 09:45:38 [INFO] -------------Service Start-----------------
2023-05-12 09:45:38 [INFO] -------------Service End-----------------
2023-05-12 09:45:38 [INFO] 후처리 수행
2023-05-12 09:45:38 [INFO] View단 처리 완료 후 수행
2023-05-12 09:45:49 [INFO] -------------Service Start-----------------
2023-05-12 09:45:49 [INFO] -------------Service End-----------------
2023-05-12 09:45:49 [INFO] 후처리 수행
2023-05-12 09:45:49 [INFO] View단 처리 완료 후 수행
2023-05-12 09:46:49 [INFO] -------------Service Start-----------------
2023-05-12 09:46:49 [INFO] -------------Service End-----------------
2023-05-12 09:46:49 [INFO] 후처리 수행
2023-05-12 09:46:49 [INFO] View단 처리 완료 후 수행
2023-05-12 09:47:25 [INFO] 초기화 필터 파괴
2023-05-12 09:47:29 [INFO] 초기화 필터 생성
2023-05-12 09:47:50 [INFO] -------------Service End-----------------
2023-05-12 09:47:50 [INFO] -------------Service Start-----------------
2023-05-12 09:47:50 [INFO] -------------Service End-----------------
2023-05-12 09:47:50 [INFO] 후처리 수행
2023-05-12 09:47:50 [INFO] View단 처리 완료 후 수행
2023-05-12 09:47:53 [INFO] 초기화 필터 파괴
2023-05-12 09:47:57 [INFO] 초기화 필터 생성
2023-05-12 09:48:00 [INFO] -------------Service Start-----------------
2023-05-12 09:48:01 [INFO] 초기화 필터 파괴
2023-05-12 09:48:01 [INFO] -------------Service End-----------------
2023-05-12 09:48:06 [INFO] 초기화 필터 생성
2023-05-12 09:48:09 [INFO] -------------Service Start-----------------
2023-05-12 09:48:09 [INFO] -------------Service Start-----------------
2023-05-12 09:48:11 [INFO] -------------Service End-----------------
2023-05-12 09:48:11 [INFO] -------------Service End-----------------
2023-05-12 09:48:11 [INFO] -------------Service Start-----------------
2023-05-12 09:48:11 [INFO] -------------Service End-----------------
2023-05-12 09:48:11 [INFO] 후처리 수행
2023-05-12 09:48:11 [INFO] 후처리 수행
2023-05-12 09:48:11 [INFO] View단 처리 완료 후 수행
2023-05-12 09:48:11 [INFO] View단 처리 완료 후 수행
2023-05-12 09:48:11 [INFO] -------------Service Start-----------------
2023-05-12 09:48:11 [INFO] -------------Service End-----------------
2023-05-12 09:48:11 [INFO] 후처리 수행
2023-05-12 09:48:11 [INFO] View단 처리 완료 후 수행
2023-05-12 09:48:21 [INFO] -------------Service Start-----------------
2023-05-12 09:48:21 [INFO] -------------Service End-----------------
2023-05-12 09:48:21 [INFO] 후처리 수행
2023-05-12 09:48:21 [INFO] View단 처리 완료 후 수행
2023-05-12 09:48:31 [INFO] -------------Service Start-----------------
2023-05-12 09:48:31 [INFO] -------------Service End-----------------
2023-05-12 09:48:31 [INFO] 후처리 수행
2023-05-12 09:48:31 [INFO] View단 처리 완료 후 수행
2023-05-12 09:48:41 [INFO] -------------Service Start-----------------
2023-05-12 09:48:41 [INFO] -------------Service End-----------------
2023-05-12 09:48:41 [INFO] 후처리 수행
2023-05-12 09:48:41 [INFO] View단 처리 완료 후 수행
2023-05-12 09:48:45 [INFO] 초기화 필터 파괴
2023-05-12 09:48:48 [INFO] 초기화 필터 생성
2023-05-12 09:48:52 [INFO] 후처리 수행
2023-05-12 09:48:52 [INFO] View단 처리 완료 후 수행
2023-05-12 09:49:01 [INFO] 후처리 수행
2023-05-12 09:49:01 [INFO] View단 처리 완료 후 수행
2023-05-12 09:49:11 [INFO] 후처리 수행
2023-05-12 09:49:11 [INFO] View단 처리 완료 후 수행
2023-05-12 09:49:21 [INFO] 후처리 수행
2023-05-12 09:49:21 [INFO] View단 처리 완료 후 수행
2023-05-12 09:49:31 [INFO] 후처리 수행
2023-05-12 09:49:31 [INFO] View단 처리 완료 후 수행
2023-05-12 09:49:41 [INFO] 후처리 수행
2023-05-12 09:49:41 [INFO] View단 처리 완료 후 수행
2023-05-12 09:49:51 [INFO] 후처리 수행
2023-05-12 09:49:51 [INFO] View단 처리 완료 후 수행
2023-05-12 09:50:01 [INFO] 후처리 수행
2023-05-12 09:50:01 [INFO] View단 처리 완료 후 수행
2023-05-12 09:50:11 [INFO] 후처리 수행
2023-05-12 09:50:11 [INFO] View단 처리 완료 후 수행
2023-05-12 09:50:21 [INFO] 후처리 수행
2023-05-12 09:50:21 [INFO] View단 처리 완료 후 수행
2023-05-12 09:50:31 [INFO] 후처리 수행
2023-05-12 09:50:31 [INFO] View단 처리 완료 후 수행
2023-05-12 09:50:41 [INFO] 후처리 수행
2023-05-12 09:50:41 [INFO] View단 처리 완료 후 수행
2023-05-12 09:50:51 [INFO] 후처리 수행
2023-05-12 09:50:51 [INFO] View단 처리 완료 후 수행
2023-05-12 09:51:01 [INFO] 후처리 수행
2023-05-12 09:51:01 [INFO] View단 처리 완료 후 수행
2023-05-12 09:51:11 [INFO] 후처리 수행
2023-05-12 09:51:11 [INFO] View단 처리 완료 후 수행
2023-05-12 09:51:21 [INFO] 후처리 수행
2023-05-12 09:51:21 [INFO] View단 처리 완료 후 수행
2023-05-12 09:51:31 [INFO] 후처리 수행
2023-05-12 09:51:31 [INFO] View단 처리 완료 후 수행
2023-05-12 09:51:41 [INFO] 후처리 수행
2023-05-12 09:51:41 [INFO] View단 처리 완료 후 수행
2023-05-12 09:51:51 [INFO] 후처리 수행
2023-05-12 09:51:51 [INFO] View단 처리 완료 후 수행
2023-05-12 09:52:01 [INFO] 후처리 수행
2023-05-12 09:52:01 [INFO] View단 처리 완료 후 수행
2023-05-12 09:52:11 [INFO] 후처리 수행
2023-05-12 09:52:11 [INFO] View단 처리 완료 후 수행
2023-05-12 09:52:21 [INFO] 후처리 수행
2023-05-12 09:52:21 [INFO] View단 처리 완료 후 수행
2023-05-12 09:52:31 [INFO] 후처리 수행
2023-05-12 09:52:31 [INFO] View단 처리 완료 후 수행
2023-05-12 09:52:41 [INFO] 후처리 수행
2023-05-12 09:52:41 [INFO] View단 처리 완료 후 수행
2023-05-12 09:52:51 [INFO] 후처리 수행
2023-05-12 09:52:51 [INFO] View단 처리 완료 후 수행
2023-05-12 09:53:01 [INFO] 후처리 수행
2023-05-12 09:53:01 [INFO] View단 처리 완료 후 수행
2023-05-12 09:53:11 [INFO] 후처리 수행
2023-05-12 09:53:11 [INFO] View단 처리 완료 후 수행
2023-05-12 09:53:21 [INFO] 후처리 수행
2023-05-12 09:53:21 [INFO] View단 처리 완료 후 수행
2023-05-12 09:53:31 [INFO] 후처리 수행
2023-05-12 09:53:31 [INFO] View단 처리 완료 후 수행
2023-05-12 09:53:41 [INFO] 후처리 수행
2023-05-12 09:53:41 [INFO] View단 처리 완료 후 수행
2023-05-12 09:54:42 [INFO] 후처리 수행
2023-05-12 09:54:42 [INFO] View단 처리 완료 후 수행
2023-05-12 09:55:43 [INFO] 후처리 수행
2023-05-12 09:55:43 [INFO] View단 처리 완료 후 수행
2023-05-12 09:56:44 [INFO] 후처리 수행
2023-05-12 09:56:44 [INFO] View단 처리 완료 후 수행
2023-05-12 09:57:45 [INFO] 후처리 수행
2023-05-12 09:57:45 [INFO] View단 처리 완료 후 수행
2023-05-12 09:58:46 [INFO] 후처리 수행
2023-05-12 09:58:46 [INFO] View단 처리 완료 후 수행
2023-05-12 09:59:47 [INFO] 후처리 수행
2023-05-12 09:59:47 [INFO] View단 처리 완료 후 수행
2023-05-12 10:00:48 [INFO] 후처리 수행
2023-05-12 10:00:48 [INFO] View단 처리 완료 후 수행
2023-05-12 10:01:49 [INFO] 후처리 수행
2023-05-12 10:01:49 [INFO] View단 처리 완료 후 수행
2023-05-12 10:02:49 [INFO] 후처리 수행
2023-05-12 10:02:49 [INFO] View단 처리 완료 후 수행
2023-05-12 10:03:49 [INFO] 후처리 수행
2023-05-12 10:03:49 [INFO] View단 처리 완료 후 수행
2023-05-12 10:04:49 [INFO] 후처리 수행
2023-05-12 10:04:49 [INFO] View단 처리 완료 후 수행
2023-05-12 10:05:49 [INFO] 후처리 수행
2023-05-12 10:05:49 [INFO] View단 처리 완료 후 수행
2023-05-12 10:06:49 [INFO] 후처리 수행
2023-05-12 10:06:49 [INFO] View단 처리 완료 후 수행
2023-05-12 10:07:49 [INFO] 후처리 수행
2023-05-12 10:07:49 [INFO] View단 처리 완료 후 수행
2023-05-12 10:08:49 [INFO] 후처리 수행
2023-05-12 10:08:49 [INFO] View단 처리 완료 후 수행
2023-05-12 10:09:49 [INFO] 후처리 수행
2023-05-12 10:09:49 [INFO] View단 처리 완료 후 수행
2023-05-12 10:10:49 [INFO] 후처리 수행
2023-05-12 10:10:49 [INFO] View단 처리 완료 후 수행
2023-05-12 10:11:49 [INFO] 후처리 수행
2023-05-12 10:11:49 [INFO] View단 처리 완료 후 수행
2023-05-12 10:12:49 [INFO] 후처리 수행
2023-05-12 10:12:49 [INFO] View단 처리 완료 후 수행
2023-05-12 10:13:49 [INFO] 후처리 수행
2023-05-12 10:13:49 [INFO] View단 처리 완료 후 수행
2023-05-12 10:14:49 [INFO] 후처리 수행
2023-05-12 10:14:49 [INFO] View단 처리 완료 후 수행
2023-05-12 10:15:49 [INFO] 후처리 수행
2023-05-12 10:15:49 [INFO] View단 처리 완료 후 수행
2023-05-12 10:16:49 [INFO] 후처리 수행
2023-05-12 10:16:49 [INFO] View단 처리 완료 후 수행
2023-05-12 10:17:49 [INFO] 후처리 수행
2023-05-12 10:17:49 [INFO] View단 처리 완료 후 수행
2023-05-12 10:18:49 [INFO] 후처리 수행
2023-05-12 10:18:49 [INFO] View단 처리 완료 후 수행
2023-05-12 10:19:49 [INFO] 후처리 수행
2023-05-12 10:19:49 [INFO] View단 처리 완료 후 수행
2023-05-12 10:20:49 [INFO] 후처리 수행
2023-05-12 10:20:49 [INFO] View단 처리 완료 후 수행
2023-05-12 10:21:49 [INFO] 후처리 수행
2023-05-12 10:21:49 [INFO] View단 처리 완료 후 수행
2023-05-12 10:22:49 [INFO] 후처리 수행
2023-05-12 10:22:49 [INFO] View단 처리 완료 후 수행
2023-05-12 10:23:49 [INFO] 후처리 수행
2023-05-12 10:23:49 [INFO] View단 처리 완료 후 수행
2023-05-12 10:24:49 [INFO] 후처리 수행
2023-05-12 10:24:49 [INFO] View단 처리 완료 후 수행
2023-05-12 10:25:49 [INFO] 후처리 수행
2023-05-12 10:25:49 [INFO] View단 처리 완료 후 수행
2023-05-12 10:26:49 [INFO] 후처리 수행
2023-05-12 10:26:49 [INFO] View단 처리 완료 후 수행
2023-05-12 10:27:49 [INFO] 후처리 수행
2023-05-12 10:27:49 [INFO] View단 처리 완료 후 수행
2023-05-12 10:28:49 [INFO] 후처리 수행
2023-05-12 10:28:49 [INFO] View단 처리 완료 후 수행
2023-05-12 10:29:00 [INFO] 후처리 수행
2023-05-12 10:29:00 [INFO] View단 처리 완료 후 수행
2023-05-12 10:29:01 [INFO] 후처리 수행
2023-05-12 10:29:01 [INFO] View단 처리 완료 후 수행
